<?xml version="1.0" encoding="UTF-8"?>
<!-- Generated by org.testng.reporters.JUnitReportReporter -->
<testsuite hostname="DESKTOP-0NKI9S4" failures="0" tests="9" name="com.tn.testcases.RegisterTest" time="87.066" errors="0" timestamp="2023-06-27T00:56:59 PDT" skipped="0">
  <testcase classname="com.tn.testcases.RegisterTest" name="verifyRegistrationWithOnlyMandatoryFields" time="10.467"/>
  <system-out/>
  <testcase classname="com.tn.testcases.RegisterTest" name="verifyRegistrationWithExistingEmail" time="9.183"/>
  <system-out/>
  <testcase classname="com.tn.testcases.RegisterTest" name="verifyRegistrationWithAllFieldsExceptFirstName" time="8.721"/>
  <system-out/>
  <testcase classname="com.tn.testcases.RegisterTest" name="verifyRegistrationWithAllFieldsExceptLastName" time="10.145"/>
  <system-out/>
  <testcase classname="com.tn.testcases.RegisterTest" name="verifyRegistrationWithAllFieldsExceptEmail" time="8.969"/>
  <system-out/>
  <testcase classname="com.tn.testcases.RegisterTest" name="verifyRegistrationWithAllFieldsExceptMobileNumber" time="10.464"/>
  <system-out/>
  <testcase classname="com.tn.testcases.RegisterTest" name="verifyRegistrationWithAllFieldsExceptPassword" time="10.111"/>
  <system-out/>
  <testcase classname="com.tn.testcases.RegisterTest" name="verifyRegistrationWithAllFieldsExceptPrivacy" time="10.534"/>
  <system-out/>
  <testcase classname="com.tn.testcases.RegisterTest" name="verifyRegistrationWithAllFieldsBlank" time="8.472"/>
  <system-out/>
</testsuite> <!-- com.tn.testcases.RegisterTest -->
