<?xml version="1.0" encoding="UTF-8"?>
<!-- Generated by org.testng.reporters.JUnitReportReporter -->
<testsuite hostname="DESKTOP-0NKI9S4" failures="0" tests="1" name="com.tutorialsninja.testcases.LoginTest" time="11.728" errors="0" timestamp="2023-06-21T23:50:44 PDT" skipped="0">
  <testcase classname="com.tutorialsninja.testcases.LoginTest" name="verifyLoginWithValidCredentials" time="11.728"/>
  <system-out/>
</testsuite> <!-- com.tutorialsninja.testcases.LoginTest -->
