<?xml version="1.0" encoding="UTF-8"?>
<!-- Generated by org.testng.reporters.JUnitReportReporter -->
<testsuite hostname="DESKTOP-0NKI9S4" failures="0" tests="1" name="com.tn.testcases.SearchProductTest" time="15.091" errors="0" timestamp="2023-06-28T00:27:50 PDT" skipped="0">
  <testcase classname="com.tn.testcases.SearchProductTest" name="verifyValidProductCheckout" time="15.091"/>
  <system-out/>
</testsuite> <!-- com.tn.testcases.SearchProductTest -->
