<?xml version="1.0" encoding="UTF-8"?>
<!-- Generated by org.testng.reporters.JUnitReportReporter -->
<testsuite hostname="DESKTOP-0NKI9S4" failures="0" tests="1" name="com.tn.testcases.SearchProductTest" time="11.324" errors="0" timestamp="2023-07-03T22:19:58 PDT" skipped="0">
  <testcase classname="com.tn.testcases.SearchProductTest" name="verifyValidProductCheckout" time="11.324"/>
  <system-out/>
</testsuite> <!-- com.tn.testcases.SearchProductTest -->
