<?xml version="1.0" encoding="UTF-8"?>
<!-- Generated by org.testng.reporters.JUnitReportReporter -->
<testsuite hostname="DESKTOP-0NKI9S4" failures="0" tests="9" name="com.tn.testcases.RegisterTest" time="115.108" errors="0" timestamp="2023-07-03T22:19:58 PDT" skipped="0">
  <testcase classname="com.tn.testcases.RegisterTest" name="verifyRegistrationWithOnlyMandatoryFields" time="5.844"/>
  <system-out/>
  <testcase classname="com.tn.testcases.RegisterTest" name="verifyRegistrationWithExistingEmail" time="10.416"/>
  <system-out/>
  <testcase classname="com.tn.testcases.RegisterTest" name="verifyRegistrationWithAllFieldsExceptFirstName" time="47.320"/>
  <system-out/>
  <testcase classname="com.tn.testcases.RegisterTest" name="verifyRegistrationWithAllFieldsExceptLastName" time="10.281"/>
  <system-out/>
  <testcase classname="com.tn.testcases.RegisterTest" name="verifyRegistrationWithAllFieldsExceptEmail" time="5.204"/>
  <system-out/>
  <testcase classname="com.tn.testcases.RegisterTest" name="verifyRegistrationWithAllFieldsExceptMobileNumber" time="10.136"/>
  <system-out/>
  <testcase classname="com.tn.testcases.RegisterTest" name="verifyRegistrationWithAllFieldsExceptPassword" time="5.808"/>
  <system-out/>
  <testcase classname="com.tn.testcases.RegisterTest" name="verifyRegistrationWithAllFieldsExceptPrivacy" time="10.262"/>
  <system-out/>
  <testcase classname="com.tn.testcases.RegisterTest" name="verifyRegistrationWithAllFieldsBlank" time="9.837"/>
  <system-out/>
</testsuite> <!-- com.tn.testcases.RegisterTest -->
